<?xml version="1.0" encoding="UTF-8" ?>
<testsuite tests="5" failures="0" name="learning.DiscountTest" time="0.046" errors="0" skipped="0">
  <properties>
[...]
</properties>
  <testcase classname="learning.DiscountTest" name="testCartDiscounts" time="0"/>
  <testcase classname="learning.DiscountTest" name="testIsValidDiscount" time="0.046"/>
  <testcase classname="learning.DiscountTest" name="testSpecificProductDiscounts" time="0"/>
  <testcase classname="learning.DiscountTest" name="testAbsoluteDiscount" time="0"/>
  <testcase classname="learning.DiscountTest" name="testPercentageDiscount" time="0"/>
</testsuite>